/*C3*/SET SCHEMA PUBLIC
DELETE FROM PROJECT WHERE ID=2
INSERT INTO PROJECT VALUES(2,'1','ss',2)
COMMIT
INSERT INTO TIMESLOT VALUES(2,'1','2014-09-06 00:23:58.249000',FALSE,'2014-09-06 00:23:58.249000',2)
COMMIT
DELETE FROM TIMESLOT WHERE ID=2
INSERT INTO TIMESLOT VALUES(2,'1','2014-09-06 00:23:58.948000',FALSE,'2014-09-06 00:23:58.249000',2)
COMMIT
DELETE FROM TIMESLOT WHERE ID=2
INSERT INTO TIMESLOT VALUES(2,'0','2014-09-06 00:23:58.948000',FALSE,'2014-09-06 00:23:58.249000',2)
COMMIT
INSERT INTO TIMESLOT VALUES(3,'1','2014-09-06 00:24:01.095000',FALSE,'2014-09-06 00:24:01.095000',2)
COMMIT
DELETE FROM TIMESLOT WHERE ID=3
INSERT INTO TIMESLOT VALUES(3,'1','2014-09-06 00:24:01.963000',FALSE,'2014-09-06 00:24:01.095000',2)
COMMIT
DELETE FROM TIMESLOT WHERE ID=3
INSERT INTO TIMESLOT VALUES(3,'1','2014-09-06 00:24:02.971000',FALSE,'2014-09-06 00:24:01.095000',2)
COMMIT
DELETE FROM TIMESLOT WHERE ID=3
INSERT INTO TIMESLOT VALUES(3,'0','2014-09-06 00:24:02.971000',FALSE,'2014-09-06 00:24:01.095000',2)
COMMIT
